<?xml version="1.0" encoding="UTF-8"?>
<!-- Generated by org.testng.reporters.JUnitXMLReporter -->
<testsuite ignored="2" hostname="DESKTOP-1GV7ETQ" failures="0" tests="1" name="Default test" time="5.768" errors="0" timestamp="2025-12-02T18:40:46 MSK">
  <testcase classname="MyTestCase" name="SelectTag" time="0.142"/>
  <testcase classname="MyTestCase" name="DynamicDropDown" time="0.0">
    <ignored/>
  </testcase> <!-- DynamicDropDown -->
  <testcase classname="MyTestCase" name="RadioButtons" time="0.0">
    <ignored/>
  </testcase> <!-- RadioButtons -->
</testsuite> <!-- Default test -->
