<?xml version="1.0" encoding="UTF-8"?>
<!-- Generated by org.testng.reporters.JUnitReportReporter -->
<testsuite hostname="DESKTOP-1GV7ETQ" failures="0" tests="3" name="MyTestCase" time="0.142" errors="0" timestamp="2025-12-02T18:40:46 MSK" skipped="2">
  <testcase classname="MyTestCase" name="SelectTag" time="0.142"/>
  <system-out/>
  <testcase classname="MyTestCase" name="DynamicDropDown">
    <skipped/>
  </testcase> <!-- DynamicDropDown -->
  <system-out/>
  <testcase classname="MyTestCase" name="RadioButtons">
    <skipped/>
  </testcase> <!-- RadioButtons -->
  <system-out/>
</testsuite> <!-- MyTestCase -->
